c:\users\hansel\documents\code\stegthesis\modifiedsuniward\s-uniward_windows_vc_2010_v10\s-uniward_src\x64\release\vc143.pdb
c:\users\hansel\documents\code\stegthesis\modifiedsuniward\s-uniward_windows_vc_2010_v10\s-uniward_src\x64\release\s-uniward.obj
c:\users\hansel\documents\code\stegthesis\modifiedsuniward\s-uniward_windows_vc_2010_v10\s-uniward_src\x64\release\include.obj
c:\users\hansel\documents\code\stegthesis\modifiedsuniward\s-uniward_windows_vc_2010_v10\s-uniward_src\x64\release\cost_model_config.obj
c:\users\hansel\documents\code\stegthesis\modifiedsuniward\s-uniward_windows_vc_2010_v10\s-uniward_src\x64\release\cost_model.obj
c:\users\hansel\documents\code\stegthesis\modifiedsuniward\s-uniward_windows_vc_2010_v10\s-uniward_src\x64\release\stc_ml_c.obj
c:\users\hansel\documents\code\stegthesis\modifiedsuniward\s-uniward_windows_vc_2010_v10\s-uniward_src\x64\release\stc_extract_c.obj
c:\users\hansel\documents\code\stegthesis\modifiedsuniward\s-uniward_windows_vc_2010_v10\s-uniward_src\x64\release\stc_embed_c.obj
c:\users\hansel\documents\code\stegthesis\modifiedsuniward\s-uniward_windows_vc_2010_v10\s-uniward_src\x64\release\mi_embedder.obj
c:\users\hansel\documents\code\stegthesis\modifiedsuniward\s-uniward_windows_vc_2010_v10\s-uniward_src\x64\release\info_theory.obj
c:\users\hansel\documents\code\stegthesis\modifiedsuniward\s-uniward_windows_vc_2010_v10\s-uniward_src\x64\release\image.obj
c:\users\hansel\documents\code\stegthesis\modifiedsuniward\s-uniward_windows_vc_2010_v10\s-uniward_src\x64\release\common.obj
c:\users\hansel\documents\code\stegthesis\modifiedsuniward\s-uniward_windows_vc_2010_v10\s-uniward_src\x64\release\base_cost_model_config.obj
c:\users\hansel\documents\code\stegthesis\modifiedsuniward\s-uniward_windows_vc_2010_v10\s-uniward_src\x64\release\base_cost_model.obj
c:\users\hansel\documents\code\stegthesis\modifiedsuniward\s-uniward_windows_vc_2010_v10\s-uniward_src\x64\release\s-uniward.res
c:\users\hansel\documents\code\stegthesis\modifiedsuniward\s-uniward_windows_vc_2010_v10\s-uniward_src\x64\release\s-uniward.tlog\cl.command.1.tlog
c:\users\hansel\documents\code\stegthesis\modifiedsuniward\s-uniward_windows_vc_2010_v10\s-uniward_src\x64\release\s-uniward.tlog\cl.read.1.tlog
c:\users\hansel\documents\code\stegthesis\modifiedsuniward\s-uniward_windows_vc_2010_v10\s-uniward_src\x64\release\s-uniward.tlog\cl.write.1.tlog
c:\users\hansel\documents\code\stegthesis\modifiedsuniward\s-uniward_windows_vc_2010_v10\s-uniward_src\x64\release\s-uniward.tlog\link.command.1.tlog
c:\users\hansel\documents\code\stegthesis\modifiedsuniward\s-uniward_windows_vc_2010_v10\s-uniward_src\x64\release\s-uniward.tlog\link.read.1.tlog
c:\users\hansel\documents\code\stegthesis\modifiedsuniward\s-uniward_windows_vc_2010_v10\s-uniward_src\x64\release\s-uniward.tlog\link.write.1.tlog
c:\users\hansel\documents\code\stegthesis\modifiedsuniward\s-uniward_windows_vc_2010_v10\s-uniward_src\x64\release\s-uniward.tlog\rc.command.1.tlog
c:\users\hansel\documents\code\stegthesis\modifiedsuniward\s-uniward_windows_vc_2010_v10\s-uniward_src\x64\release\s-uniward.tlog\rc.read.1.tlog
c:\users\hansel\documents\code\stegthesis\modifiedsuniward\s-uniward_windows_vc_2010_v10\s-uniward_src\x64\release\s-uniward.tlog\rc.write.1.tlog
